<?xml version="1.0" encoding="UTF-8" ?>
<testsuite failures="7" time="24.664" errors="0" skipped="0" tests="7" name="TestSuite">
  <properties>
    <property name="java.runtime.name" value="Java(TM) SE Runtime Environment"/>
    <property name="sun.boot.library.path" value="/Library/Java/JavaVirtualMachines/jdk1.7.0_25.jdk/Contents/Home/jre/lib"/>
    <property name="java.vm.version" value="23.25-b01"/>
    <property name="user.country.format" value="MX"/>
    <property name="gopherProxySet" value="false"/>
    <property name="java.vm.vendor" value="Oracle Corporation"/>
    <property name="java.vendor.url" value="http://java.oracle.com/"/>
    <property name="path.separator" value=":"/>
    <property name="java.vm.name" value="Java HotSpot(TM) 64-Bit Server VM"/>
    <property name="file.encoding.pkg" value="sun.io"/>
    <property name="user.country" value="ES"/>
    <property name="sun.java.launcher" value="SUN_STANDARD"/>
    <property name="sun.os.patch.level" value="unknown"/>
    <property name="java.vm.specification.name" value="Java Virtual Machine Specification"/>
    <property name="user.dir" value="/Users/eochoa/Documents/workspace_ok/rh"/>
    <property name="java.runtime.version" value="1.7.0_25-b15"/>
    <property name="java.awt.graphicsenv" value="sun.awt.CGraphicsEnvironment"/>
    <property name="basedir" value="/Users/eochoa/Documents/workspace_ok/rh"/>
    <property name="tapx.test-mode" value="true"/>
    <property name="java.endorsed.dirs" value="/Library/Java/JavaVirtualMachines/jdk1.7.0_25.jdk/Contents/Home/jre/lib/endorsed"/>
    <property name="os.arch" value="x86_64"/>
    <property name="surefire.real.class.path" value="/Users/eochoa/Documents/workspace_ok/rh/target/surefire/surefirebooter2335946394406556325.jar"/>
    <property name="java.io.tmpdir" value="/var/folders/px/p0gl18gn4759sztxy_d70jqw0000gn/T/"/>
    <property name="line.separator" value="
"/>
    <property name="java.vm.specification.vendor" value="Oracle Corporation"/>
    <property name="os.name" value="Mac OS X"/>
    <property name="org.openqa.jetty.http.HttpRequest.maxFormContentSize" value="0"/>
    <property name="sun.jnu.encoding" value="UTF-8"/>
    <property name="java.library.path" value="/Users/eochoa/Library/Java/Extensions:/Library/Java/Extensions:/Network/Library/Java/Extensions:/System/Library/Java/Extensions:/usr/lib/java:."/>
    <property name="surefire.test.class.path" value="/Users/eochoa/Documents/workspace_ok/rh/target/test-classes:/Users/eochoa/Documents/workspace_ok/rh/target/classes:/Users/eochoa/.m2/repository/org/apache/tapestry/tapestry-core/5.3.7/tapestry-core-5.3.7.jar:/Users/eochoa/.m2/repository/org/antlr/antlr-runtime/3.3/antlr-runtime-3.3.jar:/Users/eochoa/.m2/repository/org/antlr/stringtemplate/3.2.1/stringtemplate-3.2.1.jar:/Users/eochoa/.m2/repository/commons-codec/commons-codec/1.5/commons-codec-1.5.jar:/Users/eochoa/.m2/repository/org/apache/tapestry/tapestry-json/5.3.7/tapestry-json-5.3.7.jar:/Users/eochoa/.m2/repository/org/apache/tapestry/tapestry-ioc/5.3.7/tapestry-ioc-5.3.7.jar:/Users/eochoa/.m2/repository/org/apache/tapestry/tapestry5-annotations/5.3.7/tapestry5-annotations-5.3.7.jar:/Users/eochoa/.m2/repository/org/apache/tapestry/tapestry-func/5.3.7/tapestry-func-5.3.7.jar:/Users/eochoa/.m2/repository/javax/inject/javax.inject/1/javax.inject-1.jar:/Users/eochoa/.m2/repository/org/apache/tapestry/plastic/5.3.7/plastic-5.3.7.jar:/Users/eochoa/.m2/repository/javassist/javassist/3.12.1.GA/javassist-3.12.1.GA.jar:/Users/eochoa/.m2/repository/org/testng/testng/5.13.1/testng-5.13.1.jar:/Users/eochoa/.m2/repository/junit/junit/3.8.1/junit-3.8.1.jar:/Users/eochoa/.m2/repository/org/beanshell/bsh/2.0b4/bsh-2.0b4.jar:/Users/eochoa/.m2/repository/com/google/inject/guice/2.0/guice-2.0.jar:/Users/eochoa/.m2/repository/aopalliance/aopalliance/1.0/aopalliance-1.0.jar:/Users/eochoa/.m2/repository/com/beust/jcommander/1.3/jcommander-1.3.jar:/Users/eochoa/.m2/repository/org/easymock/easymock/2.4/easymock-2.4.jar:/Users/eochoa/.m2/repository/org/apache/tapestry/tapestry-hibernate/5.3.7/tapestry-hibernate-5.3.7.jar:/Users/eochoa/.m2/repository/org/apache/tapestry/tapestry-hibernate-core/5.3.7/tapestry-hibernate-core-5.3.7.jar:/Users/eochoa/.m2/repository/org/hibernate/hibernate-core/3.6.0.Final/hibernate-core-3.6.0.Final.jar:/Users/eochoa/.m2/repository/commons-collections/commons-collections/3.1/commons-collections-3.1.jar:/Users/eochoa/.m2/repository/javax/transaction/jta/1.1/jta-1.1.jar:/Users/eochoa/.m2/repository/antlr/antlr/2.7.6/antlr-2.7.6.jar:/Users/eochoa/.m2/repository/geronimo-spec/geronimo-spec-jta/1.0-M1/geronimo-spec-jta-1.0-M1.jar:/Users/eochoa/.m2/repository/dom4j/dom4j/1.6.1/dom4j-1.6.1.jar:/Users/eochoa/.m2/repository/xml-apis/xml-apis/1.0.b2/xml-apis-1.0.b2.jar:/Users/eochoa/.m2/repository/org/hibernate/hibernate-commons-annotations/3.2.0.Final/hibernate-commons-annotations-3.2.0.Final.jar:/Users/eochoa/.m2/repository/org/apache/tapestry/tapestry-kaptcha/5.3.7/tapestry-kaptcha-5.3.7.jar:/Users/eochoa/.m2/repository/com/h2database/h2/1.2.142/h2-1.2.142.jar:/Users/eochoa/.m2/repository/org/hibernate/hibernate-validator/4.0.2.GA/hibernate-validator-4.0.2.GA.jar:/Users/eochoa/.m2/repository/javax/validation/validation-api/1.0.0.GA/validation-api-1.0.0.GA.jar:/Users/eochoa/.m2/repository/org/slf4j/slf4j-api/1.5.6/slf4j-api-1.5.6.jar:/Users/eochoa/.m2/repository/javax/xml/bind/jaxb-api/2.1/jaxb-api-2.1.jar:/Users/eochoa/.m2/repository/javax/xml/stream/stax-api/1.0-2/stax-api-1.0-2.jar:/Users/eochoa/.m2/repository/javax/activation/activation/1.1/activation-1.1.jar:/Users/eochoa/.m2/repository/com/sun/xml/bind/jaxb-impl/2.1.3/jaxb-impl-2.1.3.jar:/Users/eochoa/.m2/repository/org/apache/tapestry/tapestry-beanvalidator/5.3.7/tapestry-beanvalidator-5.3.7.jar:/Users/eochoa/.m2/repository/org/apache/tapestry/tapestry-test/5.3.7/tapestry-test-5.3.7.jar:/Users/eochoa/.m2/repository/org/seleniumhq/selenium/selenium-server/2.26.0/selenium-server-2.26.0.jar:/Users/eochoa/.m2/repository/org/bouncycastle/bcprov-jdk15on/1.47/bcprov-jdk15on-1.47.jar:/Users/eochoa/.m2/repository/org/bouncycastle/bcpkix-jdk15on/1.47/bcpkix-jdk15on-1.47.jar:/Users/eochoa/.m2/repository/mx4j/mx4j-tools/3.0.1/mx4j-tools-3.0.1.jar:/Users/eochoa/.m2/repository/org/mortbay/jetty/servlet-api-2.5/6.1.9/servlet-api-2.5-6.1.9.jar:/Users/eochoa/.m2/repository/org/seleniumhq/selenium/jetty-repacked/7.6.1/jetty-repacked-7.6.1.jar:/Users/eochoa/.m2/repository/net/jcip/jcip-annotations/1.0/jcip-annotations-1.0.jar:/Users/eochoa/.m2/repository/org/yaml/snakeyaml/1.8/snakeyaml-1.8.jar:/Users/eochoa/.m2/repository/org/eclipse/jetty/jetty-plus/7.0.0.v20091005/jetty-plus-7.0.0.v20091005.jar:/Users/eochoa/.m2/repository/org/apache/geronimo/specs/geronimo-jta_1.1_spec/1.1.1/geronimo-jta_1.1_spec-1.1.1.jar:/Users/eochoa/.m2/repository/org/eclipse/jetty/jetty-webapp/7.0.0.v20091005/jetty-webapp-7.0.0.v20091005.jar:/Users/eochoa/.m2/repository/org/eclipse/jetty/jetty-xml/7.0.0.v20091005/jetty-xml-7.0.0.v20091005.jar:/Users/eochoa/.m2/repository/org/eclipse/jetty/jetty-util/7.0.0.v20091005/jetty-util-7.0.0.v20091005.jar:/Users/eochoa/.m2/repository/org/eclipse/jetty/jetty-servlet/7.0.0.v20091005/jetty-servlet-7.0.0.v20091005.jar:/Users/eochoa/.m2/repository/org/eclipse/jetty/jetty-security/7.0.0.v20091005/jetty-security-7.0.0.v20091005.jar:/Users/eochoa/.m2/repository/org/eclipse/jetty/jetty-jndi/7.0.0.v20091005/jetty-jndi-7.0.0.v20091005.jar:/Users/eochoa/.m2/repository/javax/mail/mail/1.4/mail-1.4.jar:/Users/eochoa/.m2/repository/org/eclipse/jetty/jetty-server/7.0.0.v20091005/jetty-server-7.0.0.v20091005.jar:/Users/eochoa/.m2/repository/org/eclipse/jetty/jetty-continuation/7.0.0.v20091005/jetty-continuation-7.0.0.v20091005.jar:/Users/eochoa/.m2/repository/org/eclipse/jetty/jetty-http/7.0.0.v20091005/jetty-http-7.0.0.v20091005.jar:/Users/eochoa/.m2/repository/org/eclipse/jetty/jetty-io/7.0.0.v20091005/jetty-io-7.0.0.v20091005.jar:/Users/eochoa/.m2/repository/org/seleniumhq/selenium/selenium-java/2.26.0/selenium-java-2.26.0.jar:/Users/eochoa/.m2/repository/org/seleniumhq/selenium/selenium-android-driver/2.26.0/selenium-android-driver-2.26.0.jar:/Users/eochoa/.m2/repository/org/seleniumhq/selenium/selenium-remote-driver/2.26.0/selenium-remote-driver-2.26.0.jar:/Users/eochoa/.m2/repository/cglib/cglib-nodep/2.1_3/cglib-nodep-2.1_3.jar:/Users/eochoa/.m2/repository/org/json/json/20080701/json-20080701.jar:/Users/eochoa/.m2/repository/com/google/guava/guava/13.0.1/guava-13.0.1.jar:/Users/eochoa/.m2/repository/org/seleniumhq/selenium/selenium-chrome-driver/2.26.0/selenium-chrome-driver-2.26.0.jar:/Users/eochoa/.m2/repository/org/seleniumhq/selenium/selenium-htmlunit-driver/2.26.0/selenium-htmlunit-driver-2.26.0.jar:/Users/eochoa/.m2/repository/org/seleniumhq/selenium/selenium-api/2.26.0/selenium-api-2.26.0.jar:/Users/eochoa/.m2/repository/net/sourceforge/htmlunit/htmlunit/2.10/htmlunit-2.10.jar:/Users/eochoa/.m2/repository/xalan/xalan/2.7.1/xalan-2.7.1.jar:/Users/eochoa/.m2/repository/xalan/serializer/2.7.1/serializer-2.7.1.jar:/Users/eochoa/.m2/repository/org/apache/commons/commons-lang3/3.1/commons-lang3-3.1.jar:/Users/eochoa/.m2/repository/org/apache/httpcomponents/httpmime/4.2.1/httpmime-4.2.1.jar:/Users/eochoa/.m2/repository/net/sourceforge/htmlunit/htmlunit-core-js/2.10/htmlunit-core-js-2.10.jar:/Users/eochoa/.m2/repository/xerces/xercesImpl/2.9.1/xercesImpl-2.9.1.jar:/Users/eochoa/.m2/repository/net/sourceforge/nekohtml/nekohtml/1.9.16/nekohtml-1.9.16.jar:/Users/eochoa/.m2/repository/net/sourceforge/cssparser/cssparser/0.9.7/cssparser-0.9.7.jar:/Users/eochoa/.m2/repository/org/w3c/css/sac/1.3/sac-1.3.jar:/Users/eochoa/.m2/repository/commons-logging/commons-logging/1.1.1/commons-logging-1.1.1.jar:/Users/eochoa/.m2/repository/org/apache/httpcomponents/httpclient/4.2.1/httpclient-4.2.1.jar:/Users/eochoa/.m2/repository/org/apache/httpcomponents/httpcore/4.2.1/httpcore-4.2.1.jar:/Users/eochoa/.m2/repository/org/seleniumhq/selenium/selenium-firefox-driver/2.26.0/selenium-firefox-driver-2.26.0.jar:/Users/eochoa/.m2/repository/commons-io/commons-io/2.2/commons-io-2.2.jar:/Users/eochoa/.m2/repository/org/apache/commons/commons-exec/1.1/commons-exec-1.1.jar:/Users/eochoa/.m2/repository/org/seleniumhq/selenium/selenium-ie-driver/2.26.0/selenium-ie-driver-2.26.0.jar:/Users/eochoa/.m2/repository/net/java/dev/jna/jna/3.4.0/jna-3.4.0.jar:/Users/eochoa/.m2/repository/net/java/dev/jna/platform/3.4.0/platform-3.4.0.jar:/Users/eochoa/.m2/repository/org/seleniumhq/selenium/selenium-iphone-driver/2.26.0/selenium-iphone-driver-2.26.0.jar:/Users/eochoa/.m2/repository/org/seleniumhq/selenium/selenium-safari-driver/2.26.0/selenium-safari-driver-2.26.0.jar:/Users/eochoa/.m2/repository/org/seleniumhq/selenium/selenium-support/2.26.0/selenium-support-2.26.0.jar:/Users/eochoa/.m2/repository/org/webbitserver/webbit/0.4.14/webbit-0.4.14.jar:/Users/eochoa/.m2/repository/io/netty/netty/3.5.2.Final/netty-3.5.2.Final.jar:/Users/eochoa/.m2/repository/org/apache/tomcat/dbcp/6.0.30/dbcp-6.0.30.jar:/Users/eochoa/.m2/repository/org/apache/tomcat/coyote/6.0.30/coyote-6.0.30.jar:/Users/eochoa/.m2/repository/org/apache/tomcat/servlet-api/6.0.30/servlet-api-6.0.30.jar:/Users/eochoa/.m2/repository/org/apache/tomcat/juli/6.0.30/juli-6.0.30.jar:/Users/eochoa/.m2/repository/org/apache/tomcat/catalina/6.0.30/catalina-6.0.30.jar:/Users/eochoa/.m2/repository/org/apache/tomcat/annotations-api/6.0.30/annotations-api-6.0.30.jar:/Users/eochoa/.m2/repository/javax/servlet/servlet-api/2.5/servlet-api-2.5.jar:/Users/eochoa/.m2/repository/org/hibernate/javax/persistence/hibernate-jpa-2.0-api/1.0.0.Final/hibernate-jpa-2.0-api-1.0.0.Final.jar:/Users/eochoa/.m2/repository/org/slf4j/slf4j-log4j12/1.5.6/slf4j-log4j12-1.5.6.jar:/Users/eochoa/.m2/repository/log4j/log4j/1.2.14/log4j-1.2.14.jar:/Users/eochoa/.m2/repository/com/google/code/kaptcha/2.3.2/kaptcha-2.3.2.jar:"/>
    <property name="java.specification.name" value="Java Platform API Specification"/>
    <property name="java.class.version" value="51.0"/>
    <property name="sun.management.compiler" value="HotSpot 64-Bit Tiered Compilers"/>
    <property name="os.version" value="10.8.5"/>
    <property name="http.nonProxyHosts" value="local|*.local|169.254/16|*.169.254/16"/>
    <property name="user.home" value="/Users/eochoa"/>
    <property name="user.timezone" value="America/Monterrey"/>
    <property name="java.awt.printerjob" value="sun.lwawt.macosx.CPrinterJob"/>
    <property name="java.specification.version" value="1.7"/>
    <property name="file.encoding" value="UTF-8"/>
    <property name="user.name" value="eochoa"/>
    <property name="java.class.path" value="/Users/eochoa/Documents/workspace_ok/rh/target/test-classes:/Users/eochoa/Documents/workspace_ok/rh/target/classes:/Users/eochoa/.m2/repository/org/apache/tapestry/tapestry-core/5.3.7/tapestry-core-5.3.7.jar:/Users/eochoa/.m2/repository/org/antlr/antlr-runtime/3.3/antlr-runtime-3.3.jar:/Users/eochoa/.m2/repository/org/antlr/stringtemplate/3.2.1/stringtemplate-3.2.1.jar:/Users/eochoa/.m2/repository/commons-codec/commons-codec/1.5/commons-codec-1.5.jar:/Users/eochoa/.m2/repository/org/apache/tapestry/tapestry-json/5.3.7/tapestry-json-5.3.7.jar:/Users/eochoa/.m2/repository/org/apache/tapestry/tapestry-ioc/5.3.7/tapestry-ioc-5.3.7.jar:/Users/eochoa/.m2/repository/org/apache/tapestry/tapestry5-annotations/5.3.7/tapestry5-annotations-5.3.7.jar:/Users/eochoa/.m2/repository/org/apache/tapestry/tapestry-func/5.3.7/tapestry-func-5.3.7.jar:/Users/eochoa/.m2/repository/javax/inject/javax.inject/1/javax.inject-1.jar:/Users/eochoa/.m2/repository/org/apache/tapestry/plastic/5.3.7/plastic-5.3.7.jar:/Users/eochoa/.m2/repository/javassist/javassist/3.12.1.GA/javassist-3.12.1.GA.jar:/Users/eochoa/.m2/repository/org/testng/testng/5.13.1/testng-5.13.1.jar:/Users/eochoa/.m2/repository/junit/junit/3.8.1/junit-3.8.1.jar:/Users/eochoa/.m2/repository/org/beanshell/bsh/2.0b4/bsh-2.0b4.jar:/Users/eochoa/.m2/repository/com/google/inject/guice/2.0/guice-2.0.jar:/Users/eochoa/.m2/repository/aopalliance/aopalliance/1.0/aopalliance-1.0.jar:/Users/eochoa/.m2/repository/com/beust/jcommander/1.3/jcommander-1.3.jar:/Users/eochoa/.m2/repository/org/easymock/easymock/2.4/easymock-2.4.jar:/Users/eochoa/.m2/repository/org/apache/tapestry/tapestry-hibernate/5.3.7/tapestry-hibernate-5.3.7.jar:/Users/eochoa/.m2/repository/org/apache/tapestry/tapestry-hibernate-core/5.3.7/tapestry-hibernate-core-5.3.7.jar:/Users/eochoa/.m2/repository/org/hibernate/hibernate-core/3.6.0.Final/hibernate-core-3.6.0.Final.jar:/Users/eochoa/.m2/repository/commons-collections/commons-collections/3.1/commons-collections-3.1.jar:/Users/eochoa/.m2/repository/javax/transaction/jta/1.1/jta-1.1.jar:/Users/eochoa/.m2/repository/antlr/antlr/2.7.6/antlr-2.7.6.jar:/Users/eochoa/.m2/repository/geronimo-spec/geronimo-spec-jta/1.0-M1/geronimo-spec-jta-1.0-M1.jar:/Users/eochoa/.m2/repository/dom4j/dom4j/1.6.1/dom4j-1.6.1.jar:/Users/eochoa/.m2/repository/xml-apis/xml-apis/1.0.b2/xml-apis-1.0.b2.jar:/Users/eochoa/.m2/repository/org/hibernate/hibernate-commons-annotations/3.2.0.Final/hibernate-commons-annotations-3.2.0.Final.jar:/Users/eochoa/.m2/repository/org/apache/tapestry/tapestry-kaptcha/5.3.7/tapestry-kaptcha-5.3.7.jar:/Users/eochoa/.m2/repository/com/h2database/h2/1.2.142/h2-1.2.142.jar:/Users/eochoa/.m2/repository/org/hibernate/hibernate-validator/4.0.2.GA/hibernate-validator-4.0.2.GA.jar:/Users/eochoa/.m2/repository/javax/validation/validation-api/1.0.0.GA/validation-api-1.0.0.GA.jar:/Users/eochoa/.m2/repository/org/slf4j/slf4j-api/1.5.6/slf4j-api-1.5.6.jar:/Users/eochoa/.m2/repository/javax/xml/bind/jaxb-api/2.1/jaxb-api-2.1.jar:/Users/eochoa/.m2/repository/javax/xml/stream/stax-api/1.0-2/stax-api-1.0-2.jar:/Users/eochoa/.m2/repository/javax/activation/activation/1.1/activation-1.1.jar:/Users/eochoa/.m2/repository/com/sun/xml/bind/jaxb-impl/2.1.3/jaxb-impl-2.1.3.jar:/Users/eochoa/.m2/repository/org/apache/tapestry/tapestry-beanvalidator/5.3.7/tapestry-beanvalidator-5.3.7.jar:/Users/eochoa/.m2/repository/org/apache/tapestry/tapestry-test/5.3.7/tapestry-test-5.3.7.jar:/Users/eochoa/.m2/repository/org/seleniumhq/selenium/selenium-server/2.26.0/selenium-server-2.26.0.jar:/Users/eochoa/.m2/repository/org/bouncycastle/bcprov-jdk15on/1.47/bcprov-jdk15on-1.47.jar:/Users/eochoa/.m2/repository/org/bouncycastle/bcpkix-jdk15on/1.47/bcpkix-jdk15on-1.47.jar:/Users/eochoa/.m2/repository/mx4j/mx4j-tools/3.0.1/mx4j-tools-3.0.1.jar:/Users/eochoa/.m2/repository/org/mortbay/jetty/servlet-api-2.5/6.1.9/servlet-api-2.5-6.1.9.jar:/Users/eochoa/.m2/repository/org/seleniumhq/selenium/jetty-repacked/7.6.1/jetty-repacked-7.6.1.jar:/Users/eochoa/.m2/repository/net/jcip/jcip-annotations/1.0/jcip-annotations-1.0.jar:/Users/eochoa/.m2/repository/org/yaml/snakeyaml/1.8/snakeyaml-1.8.jar:/Users/eochoa/.m2/repository/org/eclipse/jetty/jetty-plus/7.0.0.v20091005/jetty-plus-7.0.0.v20091005.jar:/Users/eochoa/.m2/repository/org/apache/geronimo/specs/geronimo-jta_1.1_spec/1.1.1/geronimo-jta_1.1_spec-1.1.1.jar:/Users/eochoa/.m2/repository/org/eclipse/jetty/jetty-webapp/7.0.0.v20091005/jetty-webapp-7.0.0.v20091005.jar:/Users/eochoa/.m2/repository/org/eclipse/jetty/jetty-xml/7.0.0.v20091005/jetty-xml-7.0.0.v20091005.jar:/Users/eochoa/.m2/repository/org/eclipse/jetty/jetty-util/7.0.0.v20091005/jetty-util-7.0.0.v20091005.jar:/Users/eochoa/.m2/repository/org/eclipse/jetty/jetty-servlet/7.0.0.v20091005/jetty-servlet-7.0.0.v20091005.jar:/Users/eochoa/.m2/repository/org/eclipse/jetty/jetty-security/7.0.0.v20091005/jetty-security-7.0.0.v20091005.jar:/Users/eochoa/.m2/repository/org/eclipse/jetty/jetty-jndi/7.0.0.v20091005/jetty-jndi-7.0.0.v20091005.jar:/Users/eochoa/.m2/repository/javax/mail/mail/1.4/mail-1.4.jar:/Users/eochoa/.m2/repository/org/eclipse/jetty/jetty-server/7.0.0.v20091005/jetty-server-7.0.0.v20091005.jar:/Users/eochoa/.m2/repository/org/eclipse/jetty/jetty-continuation/7.0.0.v20091005/jetty-continuation-7.0.0.v20091005.jar:/Users/eochoa/.m2/repository/org/eclipse/jetty/jetty-http/7.0.0.v20091005/jetty-http-7.0.0.v20091005.jar:/Users/eochoa/.m2/repository/org/eclipse/jetty/jetty-io/7.0.0.v20091005/jetty-io-7.0.0.v20091005.jar:/Users/eochoa/.m2/repository/org/seleniumhq/selenium/selenium-java/2.26.0/selenium-java-2.26.0.jar:/Users/eochoa/.m2/repository/org/seleniumhq/selenium/selenium-android-driver/2.26.0/selenium-android-driver-2.26.0.jar:/Users/eochoa/.m2/repository/org/seleniumhq/selenium/selenium-remote-driver/2.26.0/selenium-remote-driver-2.26.0.jar:/Users/eochoa/.m2/repository/cglib/cglib-nodep/2.1_3/cglib-nodep-2.1_3.jar:/Users/eochoa/.m2/repository/org/json/json/20080701/json-20080701.jar:/Users/eochoa/.m2/repository/com/google/guava/guava/13.0.1/guava-13.0.1.jar:/Users/eochoa/.m2/repository/org/seleniumhq/selenium/selenium-chrome-driver/2.26.0/selenium-chrome-driver-2.26.0.jar:/Users/eochoa/.m2/repository/org/seleniumhq/selenium/selenium-htmlunit-driver/2.26.0/selenium-htmlunit-driver-2.26.0.jar:/Users/eochoa/.m2/repository/org/seleniumhq/selenium/selenium-api/2.26.0/selenium-api-2.26.0.jar:/Users/eochoa/.m2/repository/net/sourceforge/htmlunit/htmlunit/2.10/htmlunit-2.10.jar:/Users/eochoa/.m2/repository/xalan/xalan/2.7.1/xalan-2.7.1.jar:/Users/eochoa/.m2/repository/xalan/serializer/2.7.1/serializer-2.7.1.jar:/Users/eochoa/.m2/repository/org/apache/commons/commons-lang3/3.1/commons-lang3-3.1.jar:/Users/eochoa/.m2/repository/org/apache/httpcomponents/httpmime/4.2.1/httpmime-4.2.1.jar:/Users/eochoa/.m2/repository/net/sourceforge/htmlunit/htmlunit-core-js/2.10/htmlunit-core-js-2.10.jar:/Users/eochoa/.m2/repository/xerces/xercesImpl/2.9.1/xercesImpl-2.9.1.jar:/Users/eochoa/.m2/repository/net/sourceforge/nekohtml/nekohtml/1.9.16/nekohtml-1.9.16.jar:/Users/eochoa/.m2/repository/net/sourceforge/cssparser/cssparser/0.9.7/cssparser-0.9.7.jar:/Users/eochoa/.m2/repository/org/w3c/css/sac/1.3/sac-1.3.jar:/Users/eochoa/.m2/repository/commons-logging/commons-logging/1.1.1/commons-logging-1.1.1.jar:/Users/eochoa/.m2/repository/org/apache/httpcomponents/httpclient/4.2.1/httpclient-4.2.1.jar:/Users/eochoa/.m2/repository/org/apache/httpcomponents/httpcore/4.2.1/httpcore-4.2.1.jar:/Users/eochoa/.m2/repository/org/seleniumhq/selenium/selenium-firefox-driver/2.26.0/selenium-firefox-driver-2.26.0.jar:/Users/eochoa/.m2/repository/commons-io/commons-io/2.2/commons-io-2.2.jar:/Users/eochoa/.m2/repository/org/apache/commons/commons-exec/1.1/commons-exec-1.1.jar:/Users/eochoa/.m2/repository/org/seleniumhq/selenium/selenium-ie-driver/2.26.0/selenium-ie-driver-2.26.0.jar:/Users/eochoa/.m2/repository/net/java/dev/jna/jna/3.4.0/jna-3.4.0.jar:/Users/eochoa/.m2/repository/net/java/dev/jna/platform/3.4.0/platform-3.4.0.jar:/Users/eochoa/.m2/repository/org/seleniumhq/selenium/selenium-iphone-driver/2.26.0/selenium-iphone-driver-2.26.0.jar:/Users/eochoa/.m2/repository/org/seleniumhq/selenium/selenium-safari-driver/2.26.0/selenium-safari-driver-2.26.0.jar:/Users/eochoa/.m2/repository/org/seleniumhq/selenium/selenium-support/2.26.0/selenium-support-2.26.0.jar:/Users/eochoa/.m2/repository/org/webbitserver/webbit/0.4.14/webbit-0.4.14.jar:/Users/eochoa/.m2/repository/io/netty/netty/3.5.2.Final/netty-3.5.2.Final.jar:/Users/eochoa/.m2/repository/org/apache/tomcat/dbcp/6.0.30/dbcp-6.0.30.jar:/Users/eochoa/.m2/repository/org/apache/tomcat/coyote/6.0.30/coyote-6.0.30.jar:/Users/eochoa/.m2/repository/org/apache/tomcat/servlet-api/6.0.30/servlet-api-6.0.30.jar:/Users/eochoa/.m2/repository/org/apache/tomcat/juli/6.0.30/juli-6.0.30.jar:/Users/eochoa/.m2/repository/org/apache/tomcat/catalina/6.0.30/catalina-6.0.30.jar:/Users/eochoa/.m2/repository/org/apache/tomcat/annotations-api/6.0.30/annotations-api-6.0.30.jar:/Users/eochoa/.m2/repository/javax/servlet/servlet-api/2.5/servlet-api-2.5.jar:/Users/eochoa/.m2/repository/org/hibernate/javax/persistence/hibernate-jpa-2.0-api/1.0.0.Final/hibernate-jpa-2.0-api-1.0.0.Final.jar:/Users/eochoa/.m2/repository/org/slf4j/slf4j-log4j12/1.5.6/slf4j-log4j12-1.5.6.jar:/Users/eochoa/.m2/repository/log4j/log4j/1.2.14/log4j-1.2.14.jar:/Users/eochoa/.m2/repository/com/google/code/kaptcha/2.3.2/kaptcha-2.3.2.jar:"/>
    <property name="java.vm.specification.version" value="1.7"/>
    <property name="sun.arch.data.model" value="64"/>
    <property name="java.home" value="/Library/Java/JavaVirtualMachines/jdk1.7.0_25.jdk/Contents/Home/jre"/>
    <property name="sun.java.command" value="/Users/eochoa/Documents/workspace_ok/rh/target/surefire/surefirebooter2335946394406556325.jar /Users/eochoa/Documents/workspace_ok/rh/target/surefire/surefire3511365001662626807tmp /Users/eochoa/Documents/workspace_ok/rh/target/surefire/surefire6649902783237216044tmp"/>
    <property name="java.specification.vendor" value="Oracle Corporation"/>
    <property name="user.language" value="es"/>
    <property name="awt.toolkit" value="sun.lwawt.macosx.LWCToolkit"/>
    <property name="java.vm.info" value="mixed mode"/>
    <property name="java.version" value="1.7.0_25"/>
    <property name="java.ext.dirs" value="/Users/eochoa/Library/Java/Extensions:/Library/Java/JavaVirtualMachines/jdk1.7.0_25.jdk/Contents/Home/jre/lib/ext:/Library/Java/Extensions:/Network/Library/Java/Extensions:/System/Library/Java/Extensions:/usr/lib/java"/>
    <property name="sun.boot.class.path" value="/Library/Java/JavaVirtualMachines/jdk1.7.0_25.jdk/Contents/Home/jre/lib/resources.jar:/Library/Java/JavaVirtualMachines/jdk1.7.0_25.jdk/Contents/Home/jre/lib/rt.jar:/Library/Java/JavaVirtualMachines/jdk1.7.0_25.jdk/Contents/Home/jre/lib/sunrsasign.jar:/Library/Java/JavaVirtualMachines/jdk1.7.0_25.jdk/Contents/Home/jre/lib/jsse.jar:/Library/Java/JavaVirtualMachines/jdk1.7.0_25.jdk/Contents/Home/jre/lib/jce.jar:/Library/Java/JavaVirtualMachines/jdk1.7.0_25.jdk/Contents/Home/jre/lib/charsets.jar:/Library/Java/JavaVirtualMachines/jdk1.7.0_25.jdk/Contents/Home/jre/lib/jfr.jar:/Library/Java/JavaVirtualMachines/jdk1.7.0_25.jdk/Contents/Home/jre/lib/JObjC.jar:/Library/Java/JavaVirtualMachines/jdk1.7.0_25.jdk/Contents/Home/jre/classes"/>
    <property name="java.vendor" value="Oracle Corporation"/>
    <property name="localRepository" value="/Users/eochoa/.m2/repository"/>
    <property name="file.separator" value="/"/>
    <property name="java.vendor.url.bug" value="http://bugreport.sun.com/bugreport/"/>
    <property name="sun.cpu.endian" value="little"/>
    <property name="sun.io.unicode.encoding" value="UnicodeBig"/>
    <property name="socksNonProxyHosts" value="local|*.local|169.254/16|*.169.254/16"/>
    <property name="ftp.nonProxyHosts" value="local|*.local|169.254/16|*.169.254/16"/>
    <property name="sun.cpu.isalist" value=""/>
  </properties>
  <testcase time="3.321" classname="com.tap5.hotelbooking.test.integration.BookHotelTest" name="signin">
    <failure message="ERROR: Invalid xpath [2]: //form[@id=&apos;loginForm&apos;]//input[@type=&apos;submit&apos;]" type="com.thoughtworks.selenium.SeleniumException">com.thoughtworks.selenium.SeleniumException: ERROR: Invalid xpath [2]: //form[@id=&apos;loginForm&apos;]//input[@type=&apos;submit&apos;]
	at com.thoughtworks.selenium.HttpCommandProcessor.throwAssertionFailureExceptionOrError(HttpCommandProcessor.java:112)
	at com.thoughtworks.selenium.HttpCommandProcessor.doCommand(HttpCommandProcessor.java:106)
	at org.apache.tapestry5.test.ErrorReportingCommandProcessor.doCommand(ErrorReportingCommandProcessor.java:69)
	at com.thoughtworks.selenium.DefaultSelenium.click(DefaultSelenium.java:193)
	at org.apache.tapestry5.test.SeleniumTestCase.click(SeleniumTestCase.java:488)
	at com.tap5.hotelbooking.test.integration.BookHotelTest.signin(BookHotelTest.java:21)
</failure>
    <system-out>@HL
@HL-------------------------------------------------------
@HL T E S T S
@HL-------------------------------------------------------
@SLRunning TestSuite
[INFO] util.log Logging to org.slf4j.impl.Log4jLoggerAdapter(org.eclipse.jetty.util.log) via org.eclipse.jetty.util.log.Slf4jLog
[INFO] util.log jetty-7.0.0.v20091005
[INFO] util.log NO JSP Support for , did not find org.apache.jasper.servlet.JspServlet
[INFO] ioc.RegistryBuilder Adding module definition for class org.apache.tapestry5.ioc.services.TapestryIOCModule
[INFO] ioc.RegistryBuilder Adding module definition for class org.apache.tapestry5.json.services.JSONModule
[INFO] ioc.RegistryBuilder Adding module definition for class org.apache.tapestry5.hibernate.HibernateModule
[INFO] ioc.RegistryBuilder Adding module definition for class org.apache.tapestry5.hibernate.HibernateCoreModule
[INFO] ioc.RegistryBuilder Adding module definition for class org.apache.tapestry5.kaptcha.services.KaptchaModule
[INFO] ioc.RegistryBuilder Adding module definition for class org.apache.tapestry5.beanvalidator.BeanValidatorModule
[INFO] ioc.RegistryBuilder Adding module definition for class org.apache.tapestry5.services.TapestryModule
[INFO] ioc.RegistryBuilder Adding module definition for class org.apache.tapestry5.internal.services.InternalModule
[INFO] ioc.RegistryBuilder Adding module definition for class org.apache.tapestry5.services.assets.AssetsModule
[INFO] ioc.RegistryBuilder Adding module definition for class org.apache.tapestry5.services.pageload.PageLoadModule
[INFO] ioc.RegistryBuilder Adding module definition for class com.tap5.hotelbooking.services.HotelBookingModule
[INFO] ioc.RegistryBuilder Adding module definition for class com.tap5.hotelbooking.dal.HibernateModule
[INFO] ioc.RegistryBuilder Adding module definition for class com.tap5.hotelbooking.dal.DataModule
[INFO] TapestryModule.ComponentClassResolver Available pages (14):
              (blank): com.tap5.hotelbooking.pages.Index
                 Book: com.tap5.hotelbooking.pages.Book
      ExceptionReport: org.apache.tapestry5.corelib.pages.ExceptionReport
                Index: com.tap5.hotelbooking.pages.Index
    KaptchaEditBlocks: org.apache.tapestry5.kaptcha.pages.KaptchaEditBlocks
          PageCatalog: org.apache.tapestry5.corelib.pages.PageCatalog
PropertyDisplayBlocks: org.apache.tapestry5.corelib.pages.PropertyDisplayBlocks
   PropertyEditBlocks: org.apache.tapestry5.corelib.pages.PropertyEditBlocks
               Search: com.tap5.hotelbooking.pages.Search
        ServiceStatus: org.apache.tapestry5.corelib.pages.ServiceStatus
             Settings: com.tap5.hotelbooking.pages.Settings
               Signin: com.tap5.hotelbooking.pages.Signin
               Signup: com.tap5.hotelbooking.pages.Signup
                 View: com.tap5.hotelbooking.pages.View
 hibernate/Statistics: org.apache.tapestry5.hibernate.pages.Statistics

[INFO] TapestryModule.ComponentClassResolver Available components (62):
               ActionLink: org.apache.tapestry5.corelib.components.ActionLink
               AddRowLink: org.apache.tapestry5.corelib.components.AddRowLink
             AjaxFormLoop: org.apache.tapestry5.corelib.components.AjaxFormLoop
               AjaxLoader: com.tap5.hotelbooking.components.AjaxLoader
                   Alerts: org.apache.tapestry5.corelib.components.Alerts
                      Any: org.apache.tapestry5.corelib.components.Any
              BeanDisplay: org.apache.tapestry5.corelib.components.BeanDisplay
             BeanEditForm: org.apache.tapestry5.corelib.components.BeanEditForm
               BeanEditor: org.apache.tapestry5.corelib.components.BeanEditor
                 Checkbox: org.apache.tapestry5.corelib.components.Checkbox
                Checklist: org.apache.tapestry5.corelib.components.Checklist
                DateField: org.apache.tapestry5.corelib.components.DateField
                 Delegate: org.apache.tapestry5.corelib.components.Delegate
                  Doctype: org.apache.tapestry5.corelib.components.Doctype
                  Dynamic: org.apache.tapestry5.corelib.components.Dynamic
                    Error: org.apache.tapestry5.corelib.components.Error
                   Errors: org.apache.tapestry5.corelib.components.Errors
                EventLink: org.apache.tapestry5.corelib.components.EventLink
         ExceptionDisplay: org.apache.tapestry5.corelib.components.ExceptionDisplay
                     Form: org.apache.tapestry5.corelib.components.Form
             FormFragment: org.apache.tapestry5.corelib.components.FormFragment
             FormInjector: org.apache.tapestry5.corelib.components.FormInjector
                     Grid: org.apache.tapestry5.corelib.components.Grid
                 GridCell: org.apache.tapestry5.corelib.components.GridCell
              GridColumns: org.apache.tapestry5.corelib.components.GridColumns
                GridPager: org.apache.tapestry5.corelib.components.GridPager
                 GridRows: org.apache.tapestry5.corelib.components.GridRows
                   Hidden: org.apache.tapestry5.corelib.components.Hidden
               HotelClass: com.tap5.hotelbooking.components.HotelClass
                       If: org.apache.tapestry5.corelib.components.If
             KaptchaField: org.apache.tapestry5.kaptcha.components.KaptchaField
             KaptchaImage: org.apache.tapestry5.kaptcha.components.KaptchaImage
                    Label: org.apache.tapestry5.corelib.components.Label
                   Layout: com.tap5.hotelbooking.components.Layout
               LinkSubmit: org.apache.tapestry5.corelib.components.LinkSubmit
                     Loop: org.apache.tapestry5.corelib.components.Loop
                   Output: org.apache.tapestry5.corelib.components.Output
                OutputRaw: org.apache.tapestry5.corelib.components.OutputRaw
                 PageLink: org.apache.tapestry5.corelib.components.PageLink
                  Palette: org.apache.tapestry5.corelib.components.Palette
            PasswordField: org.apache.tapestry5.corelib.components.PasswordField
       ProgressiveDisplay: org.apache.tapestry5.corelib.components.ProgressiveDisplay
          PropertyDisplay: org.apache.tapestry5.corelib.components.PropertyDisplay
           PropertyEditor: org.apache.tapestry5.corelib.components.PropertyEditor
                    Radio: org.apache.tapestry5.corelib.components.Radio
               RadioGroup: org.apache.tapestry5.corelib.components.RadioGroup
            RemoveRowLink: org.apache.tapestry5.corelib.components.RemoveRowLink
             RenderObject: org.apache.tapestry5.corelib.components.RenderObject
                   Select: org.apache.tapestry5.corelib.components.Select
                   Submit: org.apache.tapestry5.corelib.components.Submit
           SubmitNotifier: org.apache.tapestry5.corelib.components.SubmitNotifier
                 TextArea: org.apache.tapestry5.corelib.components.TextArea
                TextField: org.apache.tapestry5.corelib.components.TextField
               TextOutput: org.apache.tapestry5.corelib.components.TextOutput
                     Tree: org.apache.tapestry5.corelib.components.Tree
                  Trigger: org.apache.tapestry5.corelib.components.Trigger
                   Unless: org.apache.tapestry5.corelib.components.Unless
                Workspace: com.tap5.hotelbooking.components.Workspace
             YourBookings: com.tap5.hotelbooking.components.YourBookings
                     Zone: org.apache.tapestry5.corelib.components.Zone
   security/Authenticated: com.tap5.hotelbooking.components.security.Authenticated
t5internal/InternalLayout: org.apache.tapestry5.internal.t5internal.components.InternalLayout

[INFO] TapestryModule.ComponentClassResolver Available mixins (11):
      Autocomplete: org.apache.tapestry5.corelib.mixins.Autocomplete
       DiscardBody: org.apache.tapestry5.corelib.mixins.DiscardBody
    FormFieldFocus: org.apache.tapestry5.corelib.mixins.FormFieldFocus
          NotEmpty: org.apache.tapestry5.corelib.mixins.NotEmpty
OverrideFieldFocus: org.apache.tapestry5.corelib.mixins.OverrideFieldFocus
    RenderClientId: org.apache.tapestry5.corelib.mixins.RenderClientId
    RenderDisabled: org.apache.tapestry5.corelib.mixins.RenderDisabled
   RenderInformals: org.apache.tapestry5.corelib.mixins.RenderInformals
RenderNotification: org.apache.tapestry5.corelib.mixins.RenderNotification
   TriggerFragment: org.apache.tapestry5.corelib.mixins.TriggerFragment
       ZoneRefresh: org.apache.tapestry5.corelib.mixins.ZoneRefresh

[DEBUG] HibernateModule.CrudServiceDAO Creating proxy for service CrudServiceDAO
[INFO] dal.DataModule -- Loading initial demo data
[DEBUG] HibernateModule.CrudServiceDAO Invoking method com.tap5.hotelbooking.dal.HibernateModule.adviseTransactions(HibernateTransactionAdvisor, MethodAdviceReceiver) (at HibernateModule.java:36)
[DEBUG] HibernateModule.CrudServiceDAO Loading class com.tap5.hotelbooking.dal.HibernateCrudServiceDAO.
[DEBUG] HibernateModule.CrudServiceDAO Marking class com.tap5.hotelbooking.dal.HibernateCrudServiceDAO to be (re-)loaded
[DEBUG] HibernateModule.CrudServiceDAO BEGIN Analyzing com.tap5.hotelbooking.dal.HibernateCrudServiceDAO
[DEBUG] HibernateModule.CrudServiceDAO   END Analyzing com.tap5.hotelbooking.dal.HibernateCrudServiceDAO
[DEBUG] HibernateModule.CrudServiceDAO Invoking constructor public com.tap5.hotelbooking.dal.HibernateCrudServiceDAO() (for service &apos;CrudServiceDAO&apos;)
[INFO] common.Version Hibernate Commons Annotations 3.2.0.Final
[INFO] cfg.Environment Hibernate 3.6.0.Final
[INFO] cfg.Environment hibernate.properties not found
[INFO] cfg.Environment Bytecode provider name : javassist
[INFO] cfg.Environment using JDK 1.4 java.sql.Timestamp handling
[INFO] cfg.Configuration configuring from resource: /hibernate.cfg.xml
[INFO] cfg.Configuration Configuration resource: /hibernate.cfg.xml
[WARN] util.DTDEntityResolver recognized obsolete hibernate namespace http://hibernate.sourceforge.net/. Use namespace http://www.hibernate.org/dtd/ instead. Refer to Hibernate 3.6 Migration Guide!
[INFO] cfg.Configuration Configured SessionFactory: null
[INFO] cfg.Configuration Mapping package com.tap5.hotelbooking.entities
[WARN] cfg.AnnotationBinder Package not found or wo package-info.java: com.tap5.hotelbooking.entities
[INFO] cfg.AnnotationBinder Binding entity from annotated class: com.tap5.hotelbooking.entities.Booking
[INFO] annotations.QueryBinder Binding Named query: Booking.byUsername =&gt; Select b from Booking b where b.user.username = :username
[INFO] annotations.EntityBinder Bind entity com.tap5.hotelbooking.entities.Booking on table bookings
[INFO] cfg.AnnotationBinder Binding entity from annotated class: com.tap5.hotelbooking.entities.Hotel
[INFO] annotations.EntityBinder Bind entity com.tap5.hotelbooking.entities.Hotel on table hotel
[INFO] cfg.AnnotationBinder Binding entity from annotated class: com.tap5.hotelbooking.entities.User
[INFO] annotations.QueryBinder Binding Named query: User.all =&gt; Select u from User u
[INFO] annotations.QueryBinder Binding Named query: User.byUserNameOrEmail =&gt; Select u from User u where u.username = :username or u.email = :email
[INFO] annotations.QueryBinder Binding Named query: User.byCredentials =&gt; Select u from User u where u.username = :username and u.password = :password
[INFO] annotations.EntityBinder Bind entity com.tap5.hotelbooking.entities.User on table users
[INFO] cfg.Configuration Hibernate Validator not found: ignoring
[INFO] util.Version Hibernate Validator 4.0.2.GA
[INFO] resolver.DefaultTraversableResolver Instantiated an instance of org.hibernate.validator.engine.resolver.JPATraversableResolver.
[INFO] resolver.DefaultTraversableResolver Instantiated an instance of org.hibernate.validator.engine.resolver.JPATraversableResolver.
[INFO] search.HibernateSearchEventListenerRegister Unable to find org.hibernate.search.event.FullTextIndexEventListener on the classpath. Hibernate Search is not enabled.
[INFO] connection.DriverManagerConnectionProvider Using Hibernate built-in connection pool (not for production use!)
[INFO] connection.DriverManagerConnectionProvider Hibernate connection pool size: 20
[INFO] connection.DriverManagerConnectionProvider autocommit mode: false
[INFO] connection.DriverManagerConnectionProvider using driver: org.h2.Driver at URL: jdbc:h2:mem:tapestry-hotel-booking
[INFO] connection.DriverManagerConnectionProvider connection properties: {user=sa, password=****}
[INFO] cfg.SettingsFactory Database -&gt;
       name : H2
    version : 1.2.142 (2010-08-31)
      major : 1
      minor : 2
[INFO] cfg.SettingsFactory Driver -&gt;
       name : H2 JDBC Driver
    version : 1.2.142 (2010-08-31)
      major : 1
      minor : 2
[INFO] dialect.Dialect Using dialect: org.hibernate.dialect.H2Dialect
[INFO] jdbc.JdbcSupportLoader Disabling contextual LOB creation as JDBC driver reported JDBC version [3] less than 4
[INFO] transaction.TransactionFactoryFactory Using default transaction strategy (direct JDBC transactions)
[INFO] transaction.TransactionManagerLookupFactory No TransactionManagerLookup configured (in JTA environment, use of read-write or transactional second-level cache is not recommended)
[INFO] cfg.SettingsFactory Automatic flush during beforeCompletion(): disabled
[INFO] cfg.SettingsFactory Automatic session close at end of transaction: disabled
[INFO] cfg.SettingsFactory JDBC batch size: 15
[INFO] cfg.SettingsFactory JDBC batch updates for versioned data: disabled
[INFO] cfg.SettingsFactory Scrollable result sets: enabled
[INFO] cfg.SettingsFactory JDBC3 getGeneratedKeys(): enabled
[INFO] cfg.SettingsFactory Connection release mode: auto
[INFO] cfg.SettingsFactory Default batch fetch size: 1
[INFO] cfg.SettingsFactory Generate SQL with comments: disabled
[INFO] cfg.SettingsFactory Order SQL updates by primary key: disabled
[INFO] cfg.SettingsFactory Order SQL inserts for batching: disabled
[INFO] cfg.SettingsFactory Query translator: org.hibernate.hql.ast.ASTQueryTranslatorFactory
[INFO] ast.ASTQueryTranslatorFactory Using ASTQueryTranslatorFactory
[INFO] cfg.SettingsFactory Query language substitutions: {}
[INFO] cfg.SettingsFactory JPA-QL strict compliance: disabled
[INFO] cfg.SettingsFactory Second-level cache: enabled
[INFO] cfg.SettingsFactory Query cache: disabled
[INFO] cfg.SettingsFactory Cache region factory : org.hibernate.cache.impl.NoCachingRegionFactory
[INFO] cfg.SettingsFactory Optimize cache for minimal puts: disabled
[INFO] cfg.SettingsFactory Structured second-level cache entries: disabled
[INFO] cfg.SettingsFactory Echoing all SQL to stdout
[INFO] cfg.SettingsFactory Statistics: disabled
[INFO] cfg.SettingsFactory Deleted entity synthetic identifier rollback: disabled
[INFO] cfg.SettingsFactory Default entity-mode: pojo
[INFO] cfg.SettingsFactory Named query checking : enabled
[INFO] cfg.SettingsFactory Check Nullability in Core (should be disabled when Bean Validation is on): disabled
[INFO] impl.SessionFactoryImpl building session factory
[INFO] impl.SessionFactoryObjectFactory Not binding factory to JNDI, no JNDI name configured
[INFO] hbm2ddl.SchemaUpdate Running hbm2ddl schema update
[INFO] hbm2ddl.SchemaUpdate fetching database metadata
[INFO] hbm2ddl.SchemaUpdate updating schema
[INFO] resolver.DefaultTraversableResolver Instantiated an instance of org.hibernate.validator.engine.resolver.JPATraversableResolver.
[INFO] hbm2ddl.DatabaseMetadata table not found: bookings
[INFO] hbm2ddl.DatabaseMetadata table not found: hotel
[INFO] hbm2ddl.DatabaseMetadata table not found: users
[INFO] hbm2ddl.DatabaseMetadata table not found: bookings
[INFO] hbm2ddl.DatabaseMetadata table not found: hotel
[INFO] hbm2ddl.DatabaseMetadata table not found: users
[INFO] hbm2ddl.SchemaUpdate schema update complete
[INFO] HibernateCoreModule.HibernateSessionSource Hibernate startup: 480 ms to configure, 1.858 ms overall.
[INFO] HibernateCoreModule.HibernateSessionSource Configured Hibernate entities: com.tap5.hotelbooking.entities.Booking, com.tap5.hotelbooking.entities.Hotel, com.tap5.hotelbooking.entities.User
Hibernate: 
    insert 
    into
        users
        (id, email, fullname, password, username) 
    values
        (null, ?, ?, ?, ?)
Hibernate: 
    select
        user0_.id as id2_0_,
        user0_.email as email2_0_,
        user0_.fullname as fullname2_0_,
        user0_.password as password2_0_,
        user0_.username as username2_0_ 
    from
        users user0_ 
    where
        user0_.id=?
Hibernate: 
    insert 
    into
        users
        (id, email, fullname, password, username) 
    values
        (null, ?, ?, ?, ?)
Hibernate: 
    select
        user0_.id as id2_0_,
        user0_.email as email2_0_,
        user0_.fullname as fullname2_0_,
        user0_.password as password2_0_,
        user0_.username as username2_0_ 
    from
        users user0_ 
    where
        user0_.id=?
Hibernate: 
    insert 
    into
        hotel
        (id, address, city, country, name, price, stars, state, zip) 
    values
        (null, ?, ?, ?, ?, ?, ?, ?, ?)
Hibernate: 
    select
        hotel0_.id as id1_0_,
        hotel0_.address as address1_0_,
        hotel0_.city as city1_0_,
        hotel0_.country as country1_0_,
        hotel0_.name as name1_0_,
        hotel0_.price as price1_0_,
        hotel0_.stars as stars1_0_,
        hotel0_.state as state1_0_,
        hotel0_.zip as zip1_0_ 
    from
        hotel hotel0_ 
    where
        hotel0_.id=?
Hibernate: 
    insert 
    into
        hotel
        (id, address, city, country, name, price, stars, state, zip) 
    values
        (null, ?, ?, ?, ?, ?, ?, ?, ?)
Hibernate: 
    select
        hotel0_.id as id1_0_,
        hotel0_.address as address1_0_,
        hotel0_.city as city1_0_,
        hotel0_.country as country1_0_,
        hotel0_.name as name1_0_,
        hotel0_.price as price1_0_,
        hotel0_.stars as stars1_0_,
        hotel0_.state as state1_0_,
        hotel0_.zip as zip1_0_ 
    from
        hotel hotel0_ 
    where
        hotel0_.id=?
Hibernate: 
    insert 
    into
        hotel
        (id, address, city, country, name, price, stars, state, zip) 
    values
        (null, ?, ?, ?, ?, ?, ?, ?, ?)
Hibernate: 
    select
        hotel0_.id as id1_0_,
        hotel0_.address as address1_0_,
        hotel0_.city as city1_0_,
        hotel0_.country as country1_0_,
        hotel0_.name as name1_0_,
        hotel0_.price as price1_0_,
        hotel0_.stars as stars1_0_,
        hotel0_.state as state1_0_,
        hotel0_.zip as zip1_0_ 
    from
        hotel hotel0_ 
    where
        hotel0_.id=?
Hibernate: 
    insert 
    into
        hotel
        (id, address, city, country, name, price, stars, state, zip) 
    values
        (null, ?, ?, ?, ?, ?, ?, ?, ?)
Hibernate: 
    select
        hotel0_.id as id1_0_,
        hotel0_.address as address1_0_,
        hotel0_.city as city1_0_,
        hotel0_.country as country1_0_,
        hotel0_.name as name1_0_,
        hotel0_.price as price1_0_,
        hotel0_.stars as stars1_0_,
        hotel0_.state as state1_0_,
        hotel0_.zip as zip1_0_ 
    from
        hotel hotel0_ 
    where
        hotel0_.id=?
Hibernate: 
    insert 
    into
        hotel
        (id, address, city, country, name, price, stars, state, zip) 
    values
        (null, ?, ?, ?, ?, ?, ?, ?, ?)
Hibernate: 
    select
        hotel0_.id as id1_0_,
        hotel0_.address as address1_0_,
        hotel0_.city as city1_0_,
        hotel0_.country as country1_0_,
        hotel0_.name as name1_0_,
        hotel0_.price as price1_0_,
        hotel0_.stars as stars1_0_,
        hotel0_.state as state1_0_,
        hotel0_.zip as zip1_0_ 
    from
        hotel hotel0_ 
    where
        hotel0_.id=?
Hibernate: 
    insert 
    into
        hotel
        (id, address, city, country, name, price, stars, state, zip) 
    values
        (null, ?, ?, ?, ?, ?, ?, ?, ?)
Hibernate: 
    select
        hotel0_.id as id1_0_,
        hotel0_.address as address1_0_,
        hotel0_.city as city1_0_,
        hotel0_.country as country1_0_,
        hotel0_.name as name1_0_,
        hotel0_.price as price1_0_,
        hotel0_.stars as stars1_0_,
        hotel0_.state as state1_0_,
        hotel0_.zip as zip1_0_ 
    from
        hotel hotel0_ 
    where
        hotel0_.id=?
Hibernate: 
    insert 
    into
        hotel
        (id, address, city, country, name, price, stars, state, zip) 
    values
        (null, ?, ?, ?, ?, ?, ?, ?, ?)
Hibernate: 
    select
        hotel0_.id as id1_0_,
        hotel0_.address as address1_0_,
        hotel0_.city as city1_0_,
        hotel0_.country as country1_0_,
        hotel0_.name as name1_0_,
        hotel0_.price as price1_0_,
        hotel0_.stars as stars1_0_,
        hotel0_.state as state1_0_,
        hotel0_.zip as zip1_0_ 
    from
        hotel hotel0_ 
    where
        hotel0_.id=?
Hibernate: 
    insert 
    into
        hotel
        (id, address, city, country, name, price, stars, state, zip) 
    values
        (null, ?, ?, ?, ?, ?, ?, ?, ?)
Hibernate: 
    select
        hotel0_.id as id1_0_,
        hotel0_.address as address1_0_,
        hotel0_.city as city1_0_,
        hotel0_.country as country1_0_,
        hotel0_.name as name1_0_,
        hotel0_.price as price1_0_,
        hotel0_.stars as stars1_0_,
        hotel0_.state as state1_0_,
        hotel0_.zip as zip1_0_ 
    from
        hotel hotel0_ 
    where
        hotel0_.id=?
Hibernate: 
    insert 
    into
        hotel
        (id, address, city, country, name, price, stars, state, zip) 
    values
        (null, ?, ?, ?, ?, ?, ?, ?, ?)
Hibernate: 
    select
        hotel0_.id as id1_0_,
        hotel0_.address as address1_0_,
        hotel0_.city as city1_0_,
        hotel0_.country as country1_0_,
        hotel0_.name as name1_0_,
        hotel0_.price as price1_0_,
        hotel0_.stars as stars1_0_,
        hotel0_.state as state1_0_,
        hotel0_.zip as zip1_0_ 
    from
        hotel hotel0_ 
    where
        hotel0_.id=?
Hibernate: 
    insert 
    into
        hotel
        (id, address, city, country, name, price, stars, state, zip) 
    values
        (null, ?, ?, ?, ?, ?, ?, ?, ?)
Hibernate: 
    select
        hotel0_.id as id1_0_,
        hotel0_.address as address1_0_,
        hotel0_.city as city1_0_,
        hotel0_.country as country1_0_,
        hotel0_.name as name1_0_,
        hotel0_.price as price1_0_,
        hotel0_.stars as stars1_0_,
        hotel0_.state as state1_0_,
        hotel0_.zip as zip1_0_ 
    from
        hotel hotel0_ 
    where
        hotel0_.id=?
Hibernate: 
    insert 
    into
        hotel
        (id, address, city, country, name, price, stars, state, zip) 
    values
        (null, ?, ?, ?, ?, ?, ?, ?, ?)
Hibernate: 
    select
        hotel0_.id as id1_0_,
        hotel0_.address as address1_0_,
        hotel0_.city as city1_0_,
        hotel0_.country as country1_0_,
        hotel0_.name as name1_0_,
        hotel0_.price as price1_0_,
        hotel0_.stars as stars1_0_,
        hotel0_.state as state1_0_,
        hotel0_.zip as zip1_0_ 
    from
        hotel hotel0_ 
    where
        hotel0_.id=?
Hibernate: 
    insert 
    into
        hotel
        (id, address, city, country, name, price, stars, state, zip) 
    values
        (null, ?, ?, ?, ?, ?, ?, ?, ?)
Hibernate: 
    select
        hotel0_.id as id1_0_,
        hotel0_.address as address1_0_,
        hotel0_.city as city1_0_,
        hotel0_.country as country1_0_,
        hotel0_.name as name1_0_,
        hotel0_.price as price1_0_,
        hotel0_.stars as stars1_0_,
        hotel0_.state as state1_0_,
        hotel0_.zip as zip1_0_ 
    from
        hotel hotel0_ 
    where
        hotel0_.id=?
Hibernate: 
    insert 
    into
        hotel
        (id, address, city, country, name, price, stars, state, zip) 
    values
        (null, ?, ?, ?, ?, ?, ?, ?, ?)
Hibernate: 
    select
        hotel0_.id as id1_0_,
        hotel0_.address as address1_0_,
        hotel0_.city as city1_0_,
        hotel0_.country as country1_0_,
        hotel0_.name as name1_0_,
        hotel0_.price as price1_0_,
        hotel0_.stars as stars1_0_,
        hotel0_.state as state1_0_,
        hotel0_.zip as zip1_0_ 
    from
        hotel hotel0_ 
    where
        hotel0_.id=?
Hibernate: 
    insert 
    into
        hotel
        (id, address, city, country, name, price, stars, state, zip) 
    values
        (null, ?, ?, ?, ?, ?, ?, ?, ?)
Hibernate: 
    select
        hotel0_.id as id1_0_,
        hotel0_.address as address1_0_,
        hotel0_.city as city1_0_,
        hotel0_.country as country1_0_,
        hotel0_.name as name1_0_,
        hotel0_.price as price1_0_,
        hotel0_.stars as stars1_0_,
        hotel0_.state as state1_0_,
        hotel0_.zip as zip1_0_ 
    from
        hotel hotel0_ 
    where
        hotel0_.id=?
Hibernate: 
    insert 
    into
        hotel
        (id, address, city, country, name, price, stars, state, zip) 
    values
        (null, ?, ?, ?, ?, ?, ?, ?, ?)
Hibernate: 
    select
        hotel0_.id as id1_0_,
        hotel0_.address as address1_0_,
        hotel0_.city as city1_0_,
        hotel0_.country as country1_0_,
        hotel0_.name as name1_0_,
        hotel0_.price as price1_0_,
        hotel0_.stars as stars1_0_,
        hotel0_.state as state1_0_,
        hotel0_.zip as zip1_0_ 
    from
        hotel hotel0_ 
    where
        hotel0_.id=?
Hibernate: 
    insert 
    into
        hotel
        (id, address, city, country, name, price, stars, state, zip) 
    values
        (null, ?, ?, ?, ?, ?, ?, ?, ?)
Hibernate: 
    select
        hotel0_.id as id1_0_,
        hotel0_.address as address1_0_,
        hotel0_.city as city1_0_,
        hotel0_.country as country1_0_,
        hotel0_.name as name1_0_,
        hotel0_.price as price1_0_,
        hotel0_.stars as stars1_0_,
        hotel0_.state as state1_0_,
        hotel0_.zip as zip1_0_ 
    from
        hotel hotel0_ 
    where
        hotel0_.id=?
Hibernate: 
    insert 
    into
        hotel
        (id, address, city, country, name, price, stars, state, zip) 
    values
        (null, ?, ?, ?, ?, ?, ?, ?, ?)
Hibernate: 
    select
        hotel0_.id as id1_0_,
        hotel0_.address as address1_0_,
        hotel0_.city as city1_0_,
        hotel0_.country as country1_0_,
        hotel0_.name as name1_0_,
        hotel0_.price as price1_0_,
        hotel0_.stars as stars1_0_,
        hotel0_.state as state1_0_,
        hotel0_.zip as zip1_0_ 
    from
        hotel hotel0_ 
    where
        hotel0_.id=?
Hibernate: 
    insert 
    into
        hotel
        (id, address, city, country, name, price, stars, state, zip) 
    values
        (null, ?, ?, ?, ?, ?, ?, ?, ?)
Hibernate: 
    select
        hotel0_.id as id1_0_,
        hotel0_.address as address1_0_,
        hotel0_.city as city1_0_,
        hotel0_.country as country1_0_,
        hotel0_.name as name1_0_,
        hotel0_.price as price1_0_,
        hotel0_.stars as stars1_0_,
        hotel0_.state as state1_0_,
        hotel0_.zip as zip1_0_ 
    from
        hotel hotel0_ 
    where
        hotel0_.id=?
Hibernate: 
    insert 
    into
        hotel
        (id, address, city, country, name, price, stars, state, zip) 
    values
        (null, ?, ?, ?, ?, ?, ?, ?, ?)
Hibernate: 
    select
        hotel0_.id as id1_0_,
        hotel0_.address as address1_0_,
        hotel0_.city as city1_0_,
        hotel0_.country as country1_0_,
        hotel0_.name as name1_0_,
        hotel0_.price as price1_0_,
        hotel0_.stars as stars1_0_,
        hotel0_.state as state1_0_,
        hotel0_.zip as zip1_0_ 
    from
        hotel hotel0_ 
    where
        hotel0_.id=?
Hibernate: 
    insert 
    into
        hotel
        (id, address, city, country, name, price, stars, state, zip) 
    values
        (null, ?, ?, ?, ?, ?, ?, ?, ?)
Hibernate: 
    select
        hotel0_.id as id1_0_,
        hotel0_.address as address1_0_,
        hotel0_.city as city1_0_,
        hotel0_.country as country1_0_,
        hotel0_.name as name1_0_,
        hotel0_.price as price1_0_,
        hotel0_.stars as stars1_0_,
        hotel0_.state as state1_0_,
        hotel0_.zip as zip1_0_ 
    from
        hotel hotel0_ 
    where
        hotel0_.id=?
Hibernate: 
    insert 
    into
        hotel
        (id, address, city, country, name, price, stars, state, zip) 
    values
        (null, ?, ?, ?, ?, ?, ?, ?, ?)
Hibernate: 
    select
        hotel0_.id as id1_0_,
        hotel0_.address as address1_0_,
        hotel0_.city as city1_0_,
        hotel0_.country as country1_0_,
        hotel0_.name as name1_0_,
        hotel0_.price as price1_0_,
        hotel0_.stars as stars1_0_,
        hotel0_.state as state1_0_,
        hotel0_.zip as zip1_0_ 
    from
        hotel hotel0_ 
    where
        hotel0_.id=?
Hibernate: 
    insert 
    into
        hotel
        (id, address, city, country, name, price, stars, state, zip) 
    values
        (null, ?, ?, ?, ?, ?, ?, ?, ?)
Hibernate: 
    select
        hotel0_.id as id1_0_,
        hotel0_.address as address1_0_,
        hotel0_.city as city1_0_,
        hotel0_.country as country1_0_,
        hotel0_.name as name1_0_,
        hotel0_.price as price1_0_,
        hotel0_.stars as stars1_0_,
        hotel0_.state as state1_0_,
        hotel0_.zip as zip1_0_ 
    from
        hotel hotel0_ 
    where
        hotel0_.id=?
Hibernate: 
    insert 
    into
        hotel
        (id, address, city, country, name, price, stars, state, zip) 
    values
        (null, ?, ?, ?, ?, ?, ?, ?, ?)
Hibernate: 
    select
        hotel0_.id as id1_0_,
        hotel0_.address as address1_0_,
        hotel0_.city as city1_0_,
        hotel0_.country as country1_0_,
        hotel0_.name as name1_0_,
        hotel0_.price as price1_0_,
        hotel0_.stars as stars1_0_,
        hotel0_.state as state1_0_,
        hotel0_.zip as zip1_0_ 
    from
        hotel hotel0_ 
    where
        hotel0_.id=?
Hibernate: 
    insert 
    into
        hotel
        (id, address, city, country, name, price, stars, state, zip) 
    values
        (null, ?, ?, ?, ?, ?, ?, ?, ?)
Hibernate: 
    select
        hotel0_.id as id1_0_,
        hotel0_.address as address1_0_,
        hotel0_.city as city1_0_,
        hotel0_.country as country1_0_,
        hotel0_.name as name1_0_,
        hotel0_.price as price1_0_,
        hotel0_.stars as stars1_0_,
        hotel0_.state as state1_0_,
        hotel0_.zip as zip1_0_ 
    from
        hotel hotel0_ 
    where
        hotel0_.id=?
Hibernate: 
    select
        user0_.id as id2_,
        user0_.email as email2_,
        user0_.fullname as fullname2_,
        user0_.password as password2_,
        user0_.username as username2_ 
    from
        users user0_
[INFO] dal.DataModule Users [id 1,username cordenier, id 2,username karesti]
[INFO] dal.DataModule -- Data Loaded. Exit
[INFO] tapestry5.TapestryFilter Startup status:

Services:

             ActionRenderResponseGenerator: DEFINED
          AjaxComponentEventRequestHandler: DEFINED
         AjaxComponentEventResultProcessor: DEFINED
                  AjaxFormUpdateController: DEFINED
               AjaxPartialResponseRenderer: DEFINED
                      AjaxResponseRenderer: DEFINED
                              AlertManager: DEFINED
                       ApplicationDefaults: REAL
                        ApplicationGlobals: REAL
                    ApplicationInitializer: REAL
                   ApplicationStateManager: DEFINED
 ApplicationStatePersistenceStrategySource: DEFINED
                           AspectDecorator: REAL
                       AssetBindingFactory: DEFINED
                           AssetDispatcher: DEFINED
                       AssetObjectProvider: REAL
                      AssetPathConstructor: DEFINED
                        AssetPathConverter: DEFINED
                      AssetResourceLocator: DEFINED
                               AssetSource: VIRTUAL
                             Authenticator: DEFINED
                             BaseURLSource: DEFINED
                   BeanBlockOverrideSource: DEFINED
                           BeanBlockSource: DEFINED
           BeanFieldValidatorDefaultSource: VIRTUAL
                           BeanModelSource: DEFINED
                             BeanValidator: DEFINED
                  BeanValidatorGroupSource: DEFINED
                       BeanValidatorSource: DEFINED
                             BindingSource: DEFINED
                              ChainBuilder: VIRTUAL
                              ClassFactory: BUILTIN
                          ClassNameLocator: REAL
                ClasspathAssetAliasManager: DEFINED
                     ClasspathAssetFactory: DEFINED
                     ClasspathURLConverter: REAL
                     ClientBehaviorSupport: DEFINED
          ClientConstraintDescriptorSource: DEFINED
                         ClientDataEncoder: DEFINED
              ClientPersistentFieldStorage: DEFINED
             ClientPersistentFieldStrategy: DEFINED
                           ClientWhitelist: DEFINED
                       ComponentClassCache: VIRTUAL
                     ComponentClassFactory: DEFINED
                    ComponentClassResolver: REAL
             ComponentClassTransformWorker: DEFINED
      ComponentClassesInvalidationEventHub: REAL
                  ComponentDefaultProvider: DEFINED
                 ComponentEventLinkEncoder: DEFINED
             ComponentEventLinkTransformer: DEFINED
              ComponentEventRequestHandler: DEFINED
             ComponentEventResultProcessor: DEFINED
          ComponentInstanceResultProcessor: DEFINED
               ComponentInstantiatorSource: DEFINED
     ComponentMessagesInvalidationEventHub: DEFINED
                   ComponentMessagesSource: DEFINED
                      ComponentModelSource: DEFINED
       ComponentPageElementResourcesSource: DEFINED
                     ComponentProxyFactory: DEFINED
                   ComponentRequestHandler: DEFINED
          ComponentRequestSelectorAnalyzer: DEFINED
                  ComponentResourceLocator: DEFINED
                           ComponentSource: DEFINED
                  ComponentTemplateLocator: DEFINED
                   ComponentTemplateSource: DEFINED
    ComponentTemplatesInvalidationEventHub: DEFINED
                       CompressionAnalyzer: DEFINED
                       ContentTypeAnalyzer: DEFINED
                                   Context: DEFINED
                       ContextAssetFactory: DEFINED
                     ContextBindingFactory: DEFINED
                        ContextPathEncoder: DEFINED
                       ContextValueEncoder: DEFINED
                                CookieSink: DEFINED
                              CookieSource: DEFINED
                                   Cookies: DEFINED
                            CrudServiceDAO: REAL
                          DataTypeAnalyzer: DEFINED
                   DefaultDataTypeAnalyzer: DEFINED
                DefaultHibernateConfigurer: REAL
              DefaultImplementationBuilder: VIRTUAL
                         DeferredExecution: DEFINED
                     DynamicTemplateParser: VIRTUAL
                      EndOfRequestEventHub: REAL
                               Environment: DEFINED
                EnvironmentalShadowBuilder: VIRTUAL
                         ExceptionAnalyzer: DEFINED
                          ExceptionTracker: DEFINED
                           FactoryDefaults: REAL
                     FieldTranslatorSource: DEFINED
                    FieldValidationSupport: DEFINED
               FieldValidatorDefaultSource: DEFINED
                      FieldValidatorSource: DEFINED
                               FormSupport: DEFINED
                                 Heartbeat: DEFINED
             HibernateEntityPackageManager: REAL
                   HibernateSessionManager: DEFINED
                    HibernateSessionSource: REAL
               HibernateTransactionAdvisor: REAL
             HibernateTransactionDecorator: DEFINED
                  HiddenFieldLocationRules: DEFINED
                        HttpServletRequest: DEFINED
                 HttpServletRequestHandler: VIRTUAL
                       HttpServletResponse: DEFINED
                        IgnoredPathsFilter: DEFINED
                         InjectionProvider: DEFINED
     InternalComponentInvalidationEventHub: REAL
                    InternalRequestGlobals: DEFINED
            JavaScriptStackPathConstructor: DEFINED
                     JavaScriptStackSource: DEFINED
                         JavaScriptSupport: DEFINED
                           KaptchaProducer: DEFINED
                               LazyAdvisor: DEFINED
                           LinkCreationHub: DEFINED
                                LinkSource: DEFINED
                           LinkTransformer: DEFINED
                        LocalizationSetter: DEFINED
                          LocationRenderer: DEFINED
                              LoggerSource: BUILTIN
                            LoggingAdvisor: DEFINED
                          LoggingDecorator: DEFINED
                            MarkupRenderer: DEFINED
                       MarkupWriterFactory: DEFINED
                          MasterDispatcher: DEFINED
                      MasterObjectProvider: REAL
           MasterStackTraceElementAnalyzer: DEFINED
                     MessageBindingFactory: DEFINED
                           MetaDataLocator: DEFINED
                                MetaWorker: DEFINED
           NullFieldStrategyBindingFactory: DEFINED
                   NullFieldStrategySource: DEFINED
                  NumericTranslatorSupport: DEFINED
                            ObjectRenderer: DEFINED
            PageActivationContextCollector: DEFINED
                             PageActivator: DEFINED
                   PageContentTypeAnalyzer: DEFINED
                     PageDocumentGenerator: DEFINED
                        PageElementFactory: DEFINED
                                PageLoader: DEFINED
                        PageMarkupRenderer: DEFINED
                      PageRenderLinkSource: DEFINED
                 PageRenderLinkTransformer: DEFINED
                           PageRenderQueue: DEFINED
                  PageRenderRequestHandler: DEFINED
                      PageResponseRenderer: DEFINED
                                PageSource: DEFINED
                     PartialMarkupRenderer: DEFINED
                          PeriodicExecutor: DEFINED
                    PersistentFieldManager: DEFINED
                          PersistentLocale: DEFINED
                          PerthreadManager: BUILTIN
                           PipelineBuilder: REAL
                       PlasticProxyFactory: BUILTIN
                        PropBindingFactory: DEFINED
                      PropertiesFileParser: DEFINED
                            PropertyAccess: REAL
                     PropertyConduitSource: DEFINED
                     PropertyShadowBuilder: REAL
                       RegistryShutdownHub: BUILTIN
                           RegistryStartup: REAL
                             RenderSupport: DEFINED
                                   Request: VIRTUAL
                   RequestExceptionHandler: DEFINED
                            RequestGlobals: DEFINED
                            RequestHandler: DEFINED
                          RequestPageCache: DEFINED
                    RequestSecurityManager: DEFINED
                     ResourceChangeTracker: DEFINED
                   ResourceDigestGenerator: DEFINED
                     ResourceDigestManager: DEFINED
                         ResourceMinimizer: DEFINED
                          ResourceStreamer: DEFINED
                                  Response: VIRTUAL
               ResponseCompressionAnalyzer: DEFINED
                          ResponseRenderer: DEFINED
                        SelectModelFactory: DEFINED
                 ServiceActivityScoreboard: BUILTIN
                    ServiceLifecycleSource: REAL
                           ServiceOverride: REAL
             ServletApplicationInitializer: REAL
                                   Session: REAL
SessionApplicationStatePersistenceStrategy: DEFINED
            SessionPersistedObjectAnalyzer: DEFINED
                           StrategyBuilder: VIRTUAL
                  StreamableResourceSource: DEFINED
                            StringInterner: DEFINED
                      SymbolBindingFactory: DEFINED
                              SymbolSource: REAL
                    TapestrySessionFactory: DEFINED
                            TemplateParser: DEFINED
                              ThreadLocale: DEFINED
                              ThunkCreator: DEFINED
                   TranslateBindingFactory: DEFINED
                TranslatorAlternatesSource: DEFINED
                          TranslatorSource: DEFINED
                               TypeCoercer: REAL
                                URLEncoder: DEFINED
                         UpdateListenerHub: REAL
                    ValidateBindingFactory: DEFINED
             ValidationConstraintGenerator: DEFINED
                ValidationDecoratorFactory: DEFINED
                          ValidatorFactory: DEFINED
                            ValidatorMacro: DEFINED
                        ValueEncoderSource: DEFINED

82.84% unrealized services (169/204)

Application &apos;hotelBooking&apos; (version 1.2-SNAPSHOT) startup time: 578 ms to build IoC Registry, 3,930 ms overall.

 ______                  __             ____
/_  __/__ ____  ___ ___ / /_______ __  / __/
 / / / _ `/ _ \/ -_|_-&lt;/ __/ __/ // / /__ \ 
/_/  \_,_/ .__/\__/___/\__/_/  \_, / /____/
        /_/                   /___/  5.3.7


[INFO] util.log Started SelectChannelConnector@0.0.0.0:9090
[INFO] server.SeleniumServer Java: Oracle Corporation 23.25-b01
[INFO] server.SeleniumServer OS: Mac OS X 10.8.5 x86_64
[INFO] server.SeleniumServer v2.26.0, with Core v2.26.0. Built from revision 18040
[INFO] server.SeleniumServer RemoteWebDriver instances should connect to: http://127.0.0.1:4444/wd/hub
[INFO] http.HttpServer Version Jetty/5.1.x
[INFO] util.Container Started HttpContext[/selenium-server/driver,/selenium-server/driver]
[INFO] util.Container Started HttpContext[/selenium-server,/selenium-server]
[INFO] util.Container Started HttpContext[/,/]
[INFO] util.Container Started org.openqa.jetty.jetty.servlet.ServletHandler@34182bd5
[INFO] util.Container Started HttpContext[/wd,/wd]
[INFO] http.SocketListener Started SocketListener on 0.0.0.0:4444
[INFO] util.Container Started org.openqa.jetty.jetty.Server@6028c141
[INFO] util.Credential Checking Resource aliases
12:13:12.975 INFO - Command request: getNewBrowserSession[*firefox, http://localhost:9090/, ] on session null
12:13:12.981 INFO - creating new remote session
12:13:13.013 INFO - Allocated session 3a2ca99bfa324006b31fa2c09a459ca2 for http://localhost:9090/, launching...
jar:file:/Users/eochoa/.m2/repository/org/seleniumhq/selenium/selenium-server/2.26.0/selenium-server-2.26.0.jar!/customProfileDirCUSTFFCHROME
12:13:13.101 INFO - Preparing Firefox profile...
12:13:15.336 INFO - Launching Firefox...
12:13:18.529 INFO - Got result: OK,3a2ca99bfa324006b31fa2c09a459ca2 on session 3a2ca99bfa324006b31fa2c09a459ca2
12:13:18.548 INFO - Command request: setContext[BookHotelTest: signin, ] on session 3a2ca99bfa324006b31fa2c09a459ca2
12:13:18.560 INFO - Got result: OK on session 3a2ca99bfa324006b31fa2c09a459ca2
12:13:18.565 INFO - Command request: open[/signin, ] on session 3a2ca99bfa324006b31fa2c09a459ca2
[DEBUG] HotelBookingModule.Authenticator Creating proxy for service Authenticator
[DEBUG] security.AuthenticationFilter Loading class com.tap5.hotelbooking.security.AuthenticationFilter.
[DEBUG] security.AuthenticationFilter Marking class com.tap5.hotelbooking.security.AuthenticationFilter to be (re-)loaded
[DEBUG] security.AuthenticationFilter BEGIN Analyzing com.tap5.hotelbooking.security.AuthenticationFilter
[DEBUG] security.AuthenticationFilter   END Analyzing com.tap5.hotelbooking.security.AuthenticationFilter
[DEBUG] HotelBookingModule.Authenticator Loading class com.tap5.hotelbooking.services.BasicAuthenticator.
[DEBUG] HotelBookingModule.Authenticator Marking class com.tap5.hotelbooking.services.BasicAuthenticator to be (re-)loaded
[DEBUG] HotelBookingModule.Authenticator BEGIN Analyzing com.tap5.hotelbooking.services.BasicAuthenticator
[DEBUG] HotelBookingModule.Authenticator   END Analyzing com.tap5.hotelbooking.services.BasicAuthenticator
[DEBUG] HotelBookingModule.Authenticator Invoking constructor public com.tap5.hotelbooking.services.BasicAuthenticator() (for service &apos;Authenticator&apos;)
[ERROR] TapestryModule.ClientDataEncoder The symbol &apos;tapestry.hmac-passphrase&apos; has not been configured. This is used to configure hash-based message authentication of Tapestry data stored in forms, or in the URL. You application is less secure, and more vulnerable to denial-of-service attacks, when this symbol is not configured.
12:13:21.678 INFO - Got result: OK on session 3a2ca99bfa324006b31fa2c09a459ca2
12:13:21.681 INFO - Command request: waitForPageToLoad[15000, ] on session 3a2ca99bfa324006b31fa2c09a459ca2
12:13:21.689 INFO - Got result: OK on session 3a2ca99bfa324006b31fa2c09a459ca2
12:13:21.692 INFO - Command request: type[id=username, cordenier] on session 3a2ca99bfa324006b31fa2c09a459ca2
12:13:21.701 INFO - Got result: OK on session 3a2ca99bfa324006b31fa2c09a459ca2
12:13:21.704 INFO - Command request: type[id=password, cordenier] on session 3a2ca99bfa324006b31fa2c09a459ca2
12:13:21.717 INFO - Got result: OK on session 3a2ca99bfa324006b31fa2c09a459ca2
12:13:21.719 INFO - Command request: click[//form[@id=&apos;loginForm&apos;]//input[@type=&apos;submit&apos;], ] on session 3a2ca99bfa324006b31fa2c09a459ca2
12:13:21.760 INFO - Got result: ERROR: Invalid xpath [2]: //form[@id=&apos;loginForm&apos;]//input[@type=&apos;submit&apos;] on session 3a2ca99bfa324006b31fa2c09a459ca2
12:13:21.763 INFO - Command request: getHtmlSource[, ] on session 3a2ca99bfa324006b31fa2c09a459ca2
12:13:21.783 INFO - Got result: [HTML source] on session 3a2ca99bfa324006b31fa2c09a459ca2
12:13:21.794 INFO - Command request: captureEntirePageScreenshot[/Users/eochoa/Documents/workspace_ok/rh/target/surefire-reports/tapestry5-hotel-booking Application Test Suite/BookHotelTest.signin.png, background=white] on session 3a2ca99bfa324006b31fa2c09a459ca2
12:13:21.876 INFO - Got result: [base64 encoded PNG] on session 3a2ca99bfa324006b31fa2c09a459ca2
</system-out>
    <system-err>***
*** Class org.apache.tapestry5.test.SeleniumLauncher is not longer used, and may be
*** removed from testng.xml.
***
Starting SeleniumTestCase:
    currentDir: /Users/eochoa/Documents/workspace_ok/rh
  webAppFolder: src/main/webapp
     container: jetty7
   contextPath: 
         ports: 9090 / 8443
  browserStart: *firefox
       baseURL: http://localhost:9090/
**********************************************************************
Selenium failure processing command click(&quot;//form[@id=&apos;loginForm&apos;]//input[@type=&apos;submit&apos;]&quot;): com.thoughtworks.selenium.SeleniumException: ERROR: Invalid xpath [2]: //form[@id=&apos;loginForm&apos;]//input[@type=&apos;submit&apos;]**********************************************************************
Writing current page&apos;s HTML source to: /Users/eochoa/Documents/workspace_ok/rh/target/surefire-reports/tapestry5-hotel-booking Application Test Suite/BookHotelTest.signin.html
Writing current page screenshot to: /Users/eochoa/Documents/workspace_ok/rh/target/surefire-reports/tapestry5-hotel-booking Application Test Suite/BookHotelTest.signin.png
</system-err>
  </testcase>
  <testcase time="0.445" classname="com.tap5.hotelbooking.test.integration.BookHotelTest" name="bookProcess">
    <failure message="expected:&lt;true&gt; but was:&lt;false&gt;" type="java.lang.AssertionError">java.lang.AssertionError: expected:&lt;true&gt; but was:&lt;false&gt;
	at org.testng.Assert.fail(Assert.java:89)
	at org.testng.Assert.failNotEquals(Assert.java:480)
	at org.testng.Assert.assertTrue(Assert.java:37)
	at org.testng.Assert.assertTrue(Assert.java:47)
	at com.tap5.hotelbooking.test.integration.BookHotelTest.bookProcess(BookHotelTest.java:37)
</failure>
    <system-out>12:13:21.886 INFO - Command request: setContext[BookHotelTest: bookProcess, ] on session 3a2ca99bfa324006b31fa2c09a459ca2
12:13:21.892 INFO - Got result: OK on session 3a2ca99bfa324006b31fa2c09a459ca2
12:13:21.894 INFO - Command request: open[/view/1, ] on session 3a2ca99bfa324006b31fa2c09a459ca2
12:13:22.307 INFO - Got result: OK on session 3a2ca99bfa324006b31fa2c09a459ca2
12:13:22.309 INFO - Command request: waitForPageToLoad[15000, ] on session 3a2ca99bfa324006b31fa2c09a459ca2
12:13:22.319 INFO - Got result: OK on session 3a2ca99bfa324006b31fa2c09a459ca2
12:13:22.322 INFO - Command request: isTextPresent[Marriott Courtyard, ] on session 3a2ca99bfa324006b31fa2c09a459ca2
12:13:22.333 INFO - Got result: OK,false on session 3a2ca99bfa324006b31fa2c09a459ca2
</system-out>
  </testcase>
  <testcase time="0.795" classname="com.tap5.hotelbooking.test.integration.BookHotelTest" name="logout">
    <failure message="Authenticated user should be able to logout expected:&lt;true&gt; but was:&lt;false&gt;" type="java.lang.AssertionError">java.lang.AssertionError: Authenticated user should be able to logout expected:&lt;true&gt; but was:&lt;false&gt;
	at org.testng.Assert.fail(Assert.java:89)
	at org.testng.Assert.failNotEquals(Assert.java:480)
	at org.testng.Assert.assertTrue(Assert.java:37)
	at com.tap5.hotelbooking.test.integration.BookHotelTest.logout(BookHotelTest.java:70)
</failure>
    <system-out>12:13:22.344 INFO - Command request: setContext[BookHotelTest: logout, ] on session 3a2ca99bfa324006b31fa2c09a459ca2
12:13:22.361 INFO - Got result: OK on session 3a2ca99bfa324006b31fa2c09a459ca2
12:13:22.364 INFO - Command request: open[/search, ] on session 3a2ca99bfa324006b31fa2c09a459ca2
12:13:23.137 INFO - Got result: OK on session 3a2ca99bfa324006b31fa2c09a459ca2
12:13:23.139 INFO - Command request: waitForPageToLoad[15000, ] on session 3a2ca99bfa324006b31fa2c09a459ca2
12:13:23.145 INFO - Got result: OK on session 3a2ca99bfa324006b31fa2c09a459ca2
12:13:23.148 INFO - Command request: isElementPresent[id=logout, ] on session 3a2ca99bfa324006b31fa2c09a459ca2
12:13:23.155 INFO - Got result: OK,false on session 3a2ca99bfa324006b31fa2c09a459ca2
</system-out>
  </testcase>
  <testcase time="0.306" classname="com.tap5.hotelbooking.test.integration.SearchPageTest" name="signin">
    <failure message="ERROR: Invalid xpath [2]: //form[@id=&apos;loginForm&apos;]//input[@type=&apos;submit&apos;]" type="com.thoughtworks.selenium.SeleniumException">com.thoughtworks.selenium.SeleniumException: ERROR: Invalid xpath [2]: //form[@id=&apos;loginForm&apos;]//input[@type=&apos;submit&apos;]
	at com.thoughtworks.selenium.HttpCommandProcessor.throwAssertionFailureExceptionOrError(HttpCommandProcessor.java:112)
	at com.thoughtworks.selenium.HttpCommandProcessor.doCommand(HttpCommandProcessor.java:106)
	at org.apache.tapestry5.test.ErrorReportingCommandProcessor.doCommand(ErrorReportingCommandProcessor.java:69)
	at com.thoughtworks.selenium.DefaultSelenium.click(DefaultSelenium.java:193)
	at org.apache.tapestry5.test.SeleniumTestCase.click(SeleniumTestCase.java:488)
	at com.tap5.hotelbooking.test.integration.SearchPageTest.signin(SearchPageTest.java:21)
</failure>
    <system-out>12:13:23.162 INFO - Command request: setContext[SearchPageTest: signin, ] on session 3a2ca99bfa324006b31fa2c09a459ca2
12:13:23.169 INFO - Got result: OK on session 3a2ca99bfa324006b31fa2c09a459ca2
12:13:23.172 INFO - Command request: open[/signin, ] on session 3a2ca99bfa324006b31fa2c09a459ca2
12:13:23.302 INFO - Got result: OK on session 3a2ca99bfa324006b31fa2c09a459ca2
12:13:23.306 INFO - Command request: waitForPageToLoad[15000, ] on session 3a2ca99bfa324006b31fa2c09a459ca2
12:13:23.311 INFO - Got result: OK on session 3a2ca99bfa324006b31fa2c09a459ca2
12:13:23.314 INFO - Command request: type[id=username, cordenier] on session 3a2ca99bfa324006b31fa2c09a459ca2
12:13:23.321 INFO - Got result: OK on session 3a2ca99bfa324006b31fa2c09a459ca2
12:13:23.324 INFO - Command request: type[id=password, cordenier] on session 3a2ca99bfa324006b31fa2c09a459ca2
12:13:23.341 INFO - Got result: OK on session 3a2ca99bfa324006b31fa2c09a459ca2
12:13:23.345 INFO - Command request: click[//form[@id=&apos;loginForm&apos;]//input[@type=&apos;submit&apos;], ] on session 3a2ca99bfa324006b31fa2c09a459ca2
12:13:23.365 INFO - Got result: ERROR: Invalid xpath [2]: //form[@id=&apos;loginForm&apos;]//input[@type=&apos;submit&apos;] on session 3a2ca99bfa324006b31fa2c09a459ca2
12:13:23.368 INFO - Command request: getHtmlSource[, ] on session 3a2ca99bfa324006b31fa2c09a459ca2
12:13:23.376 INFO - Got result: [HTML source] on session 3a2ca99bfa324006b31fa2c09a459ca2
12:13:23.380 INFO - Command request: captureEntirePageScreenshot[/Users/eochoa/Documents/workspace_ok/rh/target/surefire-reports/tapestry5-hotel-booking Application Test Suite/SearchPageTest.signin.png, background=white] on session 3a2ca99bfa324006b31fa2c09a459ca2
12:13:23.473 INFO - Got result: [base64 encoded PNG] on session 3a2ca99bfa324006b31fa2c09a459ca2
</system-out>
    <system-err>**********************************************************************
Selenium failure processing command click(&quot;//form[@id=&apos;loginForm&apos;]//input[@type=&apos;submit&apos;]&quot;): com.thoughtworks.selenium.SeleniumException: ERROR: Invalid xpath [2]: //form[@id=&apos;loginForm&apos;]//input[@type=&apos;submit&apos;]**********************************************************************
Writing current page&apos;s HTML source to: /Users/eochoa/Documents/workspace_ok/rh/target/surefire-reports/tapestry5-hotel-booking Application Test Suite/SearchPageTest.signin.html
Writing current page screenshot to: /Users/eochoa/Documents/workspace_ok/rh/target/surefire-reports/tapestry5-hotel-booking Application Test Suite/SearchPageTest.signin.png
</system-err>
  </testcase>
  <testcase time="0.284" classname="com.tap5.hotelbooking.test.integration.SearchPageTest" name="wildcardSearch">
    <failure message="ERROR: Element query not found" type="com.thoughtworks.selenium.SeleniumException">com.thoughtworks.selenium.SeleniumException: ERROR: Element query not found
	at com.thoughtworks.selenium.HttpCommandProcessor.throwAssertionFailureExceptionOrError(HttpCommandProcessor.java:112)
	at com.thoughtworks.selenium.HttpCommandProcessor.doCommand(HttpCommandProcessor.java:106)
	at org.apache.tapestry5.test.ErrorReportingCommandProcessor.doCommand(ErrorReportingCommandProcessor.java:69)
	at com.thoughtworks.selenium.DefaultSelenium.type(DefaultSelenium.java:317)
	at org.apache.tapestry5.test.SeleniumTestCase.type(SeleniumTestCase.java:1118)
	at com.tap5.hotelbooking.test.integration.SearchPageTest.wildcardSearch(SearchPageTest.java:37)
</failure>
    <system-out>12:13:23.480 INFO - Command request: setContext[SearchPageTest: wildcardSearch, ] on session 3a2ca99bfa324006b31fa2c09a459ca2
12:13:23.486 INFO - Got result: OK on session 3a2ca99bfa324006b31fa2c09a459ca2
12:13:23.492 INFO - Command request: open[/search, ] on session 3a2ca99bfa324006b31fa2c09a459ca2
12:13:23.629 INFO - Got result: OK on session 3a2ca99bfa324006b31fa2c09a459ca2
12:13:23.631 INFO - Command request: waitForPageToLoad[15000, ] on session 3a2ca99bfa324006b31fa2c09a459ca2
12:13:23.637 INFO - Got result: OK on session 3a2ca99bfa324006b31fa2c09a459ca2
12:13:23.639 INFO - Command request: type[query, *] on session 3a2ca99bfa324006b31fa2c09a459ca2
12:13:23.671 INFO - Got result: ERROR: Element query not found on session 3a2ca99bfa324006b31fa2c09a459ca2
12:13:23.680 INFO - Command request: getHtmlSource[, ] on session 3a2ca99bfa324006b31fa2c09a459ca2
12:13:23.688 INFO - Got result: [HTML source] on session 3a2ca99bfa324006b31fa2c09a459ca2
12:13:23.691 INFO - Command request: captureEntirePageScreenshot[/Users/eochoa/Documents/workspace_ok/rh/target/surefire-reports/tapestry5-hotel-booking Application Test Suite/SearchPageTest.wildcardSearch.png, background=white] on session 3a2ca99bfa324006b31fa2c09a459ca2
12:13:23.769 INFO - Got result: [base64 encoded PNG] on session 3a2ca99bfa324006b31fa2c09a459ca2
</system-out>
    <system-err>**********************************************************************
Selenium failure processing command type(&quot;query&quot;, &quot;*&quot;): com.thoughtworks.selenium.SeleniumException: ERROR: Element query not found**********************************************************************
Writing current page&apos;s HTML source to: /Users/eochoa/Documents/workspace_ok/rh/target/surefire-reports/tapestry5-hotel-booking Application Test Suite/SearchPageTest.wildcardSearch.html
Writing current page screenshot to: /Users/eochoa/Documents/workspace_ok/rh/target/surefire-reports/tapestry5-hotel-booking Application Test Suite/SearchPageTest.wildcardSearch.png
</system-err>
  </testcase>
  <testcase time="0.32" classname="com.tap5.hotelbooking.test.integration.SearchPageTest" name="changePagePerResult">
    <failure message="ERROR: Element query not found" type="com.thoughtworks.selenium.SeleniumException">com.thoughtworks.selenium.SeleniumException: ERROR: Element query not found
	at com.thoughtworks.selenium.HttpCommandProcessor.throwAssertionFailureExceptionOrError(HttpCommandProcessor.java:112)
	at com.thoughtworks.selenium.HttpCommandProcessor.doCommand(HttpCommandProcessor.java:106)
	at org.apache.tapestry5.test.ErrorReportingCommandProcessor.doCommand(ErrorReportingCommandProcessor.java:69)
	at com.thoughtworks.selenium.DefaultSelenium.type(DefaultSelenium.java:317)
	at org.apache.tapestry5.test.SeleniumTestCase.type(SeleniumTestCase.java:1118)
	at com.tap5.hotelbooking.test.integration.SearchPageTest.changePagePerResult(SearchPageTest.java:55)
</failure>
    <system-out>12:13:23.776 INFO - Command request: setContext[SearchPageTest: changePagePerResult, ] on session 3a2ca99bfa324006b31fa2c09a459ca2
12:13:23.781 INFO - Got result: OK on session 3a2ca99bfa324006b31fa2c09a459ca2
12:13:23.784 INFO - Command request: open[/search, ] on session 3a2ca99bfa324006b31fa2c09a459ca2
12:13:23.954 INFO - Got result: OK on session 3a2ca99bfa324006b31fa2c09a459ca2
12:13:23.956 INFO - Command request: waitForPageToLoad[15000, ] on session 3a2ca99bfa324006b31fa2c09a459ca2
12:13:23.960 INFO - Got result: OK on session 3a2ca99bfa324006b31fa2c09a459ca2
12:13:23.962 INFO - Command request: type[query, *] on session 3a2ca99bfa324006b31fa2c09a459ca2
12:13:23.969 INFO - Got result: ERROR: Element query not found on session 3a2ca99bfa324006b31fa2c09a459ca2
12:13:23.972 INFO - Command request: getHtmlSource[, ] on session 3a2ca99bfa324006b31fa2c09a459ca2
12:13:23.989 INFO - Got result: [HTML source] on session 3a2ca99bfa324006b31fa2c09a459ca2
12:13:23.994 INFO - Command request: captureEntirePageScreenshot[/Users/eochoa/Documents/workspace_ok/rh/target/surefire-reports/tapestry5-hotel-booking Application Test Suite/SearchPageTest.changePagePerResult.png, background=white] on session 3a2ca99bfa324006b31fa2c09a459ca2
12:13:24.101 INFO - Got result: [base64 encoded PNG] on session 3a2ca99bfa324006b31fa2c09a459ca2
</system-out>
    <system-err>**********************************************************************
Selenium failure processing command type(&quot;query&quot;, &quot;*&quot;): com.thoughtworks.selenium.SeleniumException: ERROR: Element query not found**********************************************************************
Writing current page&apos;s HTML source to: /Users/eochoa/Documents/workspace_ok/rh/target/surefire-reports/tapestry5-hotel-booking Application Test Suite/SearchPageTest.changePagePerResult.html
Writing current page screenshot to: /Users/eochoa/Documents/workspace_ok/rh/target/surefire-reports/tapestry5-hotel-booking Application Test Suite/SearchPageTest.changePagePerResult.png
</system-err>
  </testcase>
  <testcase time="0.222" classname="com.tap5.hotelbooking.test.integration.SearchPageTest" name="logout">
    <failure message="Authenticated user should be able to logout expected:&lt;true&gt; but was:&lt;false&gt;" type="java.lang.AssertionError">java.lang.AssertionError: Authenticated user should be able to logout expected:&lt;true&gt; but was:&lt;false&gt;
	at org.testng.Assert.fail(Assert.java:89)
	at org.testng.Assert.failNotEquals(Assert.java:480)
	at org.testng.Assert.assertTrue(Assert.java:37)
	at com.tap5.hotelbooking.test.integration.SearchPageTest.logout(SearchPageTest.java:69)
</failure>
    <system-out>12:13:24.105 INFO - Command request: setContext[SearchPageTest: logout, ] on session 3a2ca99bfa324006b31fa2c09a459ca2
12:13:24.109 INFO - Got result: OK on session 3a2ca99bfa324006b31fa2c09a459ca2
12:13:24.111 INFO - Command request: open[/search, ] on session 3a2ca99bfa324006b31fa2c09a459ca2
12:13:24.304 INFO - Got result: OK on session 3a2ca99bfa324006b31fa2c09a459ca2
12:13:24.306 INFO - Command request: waitForPageToLoad[15000, ] on session 3a2ca99bfa324006b31fa2c09a459ca2
12:13:24.323 INFO - Got result: OK on session 3a2ca99bfa324006b31fa2c09a459ca2
12:13:24.325 INFO - Command request: isElementPresent[id=logout, ] on session 3a2ca99bfa324006b31fa2c09a459ca2
12:13:24.331 INFO - Got result: OK,false on session 3a2ca99bfa324006b31fa2c09a459ca2
</system-out>
  </testcase>
</testsuite>